<?xml version="1.0" encoding="UTF-8"?>
<!-- Generated by org.testng.reporters.JUnitXMLReporter -->
<<<<<<< HEAD
<testsuite hostname="IND-MHP3DW10928" name="Default test" tests="16" failures="0" timestamp="28 May 2019 13:53:42 GMT" time="35.194" errors="0">
  <testcase name="accountSettings" time="7.641" classname="testCases.AccountSettingsTestCase"/>
  <testcase name="headerValidation" time="1.071" classname="testCases.AccountSettingsTestCase"/>
  <testcase name="headerValidation" time="1.677" classname="testCases.AccountSettingsTestCase"/>
  <testcase name="headerValidation" time="0.667" classname="testCases.AccountSettingsTestCase"/>
  <testcase name="headerValidation" time="1.135" classname="testCases.AccountSettingsTestCase"/>
  <testcase name="headerValidation" time="1.135" classname="testCases.AccountSettingsTestCase"/>
  <testcase name="headerValidation" time="0.612" classname="testCases.AccountSettingsTestCase"/>
  <testcase name="headerValidation" time="1.673" classname="testCases.AccountSettingsTestCase"/>
  <testcase name="headerValidation" time="0.871" classname="testCases.AccountSettingsTestCase"/>
  <testcase name="headerValidation" time="0.988" classname="testCases.AccountSettingsTestCase"/>
  <testcase name="headerValidation" time="0.595" classname="testCases.AccountSettingsTestCase"/>
  <testcase name="headerValidation" time="0.527" classname="testCases.AccountSettingsTestCase"/>
  <testcase name="headerValidation" time="1.008" classname="testCases.AccountSettingsTestCase"/>
  <testcase name="headerValidation" time="0.522" classname="testCases.AccountSettingsTestCase"/>
  <testcase name="validateUseradded" time="2.54" classname="testCases.AccountSettingsTestCase"/>
  <testcase name="validateUseradded" time="2.382" classname="testCases.AccountSettingsTestCase"/>
=======
<testsuite hostname="DESKTOP-JPGFM2D" name="Default test" tests="1" failures="1" timestamp="27 May 2019 18:04:16 GMT" time="16.294" errors="0">
  <testcase name="validateAddPerson" time="16.007" classname="testCases.CaseStatusVerification">
    <failure type="org.testng.TestNGException" message="
The data provider is trying to pass 8 parameters but the method testCases.CaseStatusVerification#validateAddPerson takes 6">
      <![CDATA[org.testng.TestNGException: 
The data provider is trying to pass 8 parameters but the method testCases.CaseStatusVerification#validateAddPerson takes 6
	at org.testng.internal.Invoker.injectParameters(Invoker.java:1337)
	at org.testng.internal.Invoker.invokeTestMethods(Invoker.java:1225)
	at org.testng.internal.TestMethodWorker.invokeTestMethods(TestMethodWorker.java:127)
	at org.testng.internal.TestMethodWorker.run(TestMethodWorker.java:111)
	at org.testng.TestRunner.privateRun(TestRunner.java:767)
	at org.testng.TestRunner.run(TestRunner.java:617)
	at org.testng.SuiteRunner.runTest(SuiteRunner.java:334)
	at org.testng.SuiteRunner.runSequentially(SuiteRunner.java:329)
	at org.testng.SuiteRunner.privateRun(SuiteRunner.java:291)
	at org.testng.SuiteRunner.run(SuiteRunner.java:240)
	at org.testng.SuiteRunnerWorker.runSuite(SuiteRunnerWorker.java:52)
	at org.testng.SuiteRunnerWorker.run(SuiteRunnerWorker.java:86)
	at org.testng.TestNG.runSuitesSequentially(TestNG.java:1198)
	at org.testng.TestNG.runSuitesLocally(TestNG.java:1123)
	at org.testng.TestNG.run(TestNG.java:1031)
	at org.testng.remote.AbstractRemoteTestNG.run(AbstractRemoteTestNG.java:114)
	at org.testng.remote.RemoteTestNG.initAndRun(RemoteTestNG.java:251)
	at org.testng.remote.RemoteTestNG.main(RemoteTestNG.java:77)
]]>
    </failure>
  </testcase> <!-- validateAddPerson -->
>>>>>>> bc9c7a93450dc0a7c968041114f2e9531ce52000
</testsuite> <!-- Default test -->
